{"C:\\Users\\PIESIE OMANE\\Desktop\\codding\\Todo-List\\src\\store.js": {"path":"C:\\Users\\PIESIE OMANE\\Desktop\\codding\\Todo-List\\src\\store.js","statementMap":{"0":{"start":{"line":4,"column":18},"end":{"line":4,"column":65}},"1":{"start":{"line":5,"column":4},"end":{"line":5,"column":17}},"2":{"start":{"line":10,"column":18},"end":{"line":10,"column":34}},"3":{"start":{"line":11,"column":4},"end":{"line":11,"column":21}},"4":{"start":{"line":12,"column":4},"end":{"line":12,"column":57}},"5":{"start":{"line":16,"column":4},"end":{"line":16,"column":57}},"6":{"start":{"line":21,"column":4},"end":{"line":21,"column":32}},"7":{"start":{"line":22,"column":4},"end":{"line":32,"column":5}},"8":{"start":{"line":23,"column":18},"end":{"line":23,"column":34}},"9":{"start":{"line":25,"column":8},"end":{"line":26,"column":38}},"10":{"start":{"line":27,"column":6},"end":{"line":27,"column":57}},"11":{"start":{"line":27,"column":34},"end":{"line":27,"column":55}},"12":{"start":{"line":28,"column":6},"end":{"line":30,"column":9}},"13":{"start":{"line":29,"column":8},"end":{"line":29,"column":27}},"14":{"start":{"line":31,"column":6},"end":{"line":31,"column":28}}},"fnMap":{"0":{"name":"(anonymous_0)","decl":{"start":{"line":3,"column":2},"end":{"line":3,"column":3}},"loc":{"start":{"line":3,"column":20},"end":{"line":6,"column":3}},"line":3},"1":{"name":"(anonymous_1)","decl":{"start":{"line":8,"column":2},"end":{"line":8,"column":3}},"loc":{"start":{"line":8,"column":19},"end":{"line":13,"column":3}},"line":8},"2":{"name":"(anonymous_2)","decl":{"start":{"line":15,"column":2},"end":{"line":15,"column":3}},"loc":{"start":{"line":15,"column":25},"end":{"line":17,"column":3}},"line":15},"3":{"name":"(anonymous_3)","decl":{"start":{"line":20,"column":2},"end":{"line":20,"column":3}},"loc":{"start":{"line":20,"column":26},"end":{"line":33,"column":3}},"line":20},"4":{"name":"(anonymous_4)","decl":{"start":{"line":27,"column":27},"end":{"line":27,"column":28}},"loc":{"start":{"line":27,"column":34},"end":{"line":27,"column":55}},"line":27},"5":{"name":"(anonymous_5)","decl":{"start":{"line":28,"column":20},"end":{"line":28,"column":21}},"loc":{"start":{"line":28,"column":33},"end":{"line":30,"column":7}},"line":28}},"branchMap":{"0":{"loc":{"start":{"line":4,"column":18},"end":{"line":4,"column":65}},"type":"binary-expr","locations":[{"start":{"line":4,"column":18},"end":{"line":4,"column":59}},{"start":{"line":4,"column":63},"end":{"line":4,"column":65}}],"line":4},"1":{"loc":{"start":{"line":22,"column":4},"end":{"line":32,"column":5}},"type":"if","locations":[{"start":{"line":22,"column":4},"end":{"line":32,"column":5}},{"start":{},"end":{}}],"line":22},"2":{"loc":{"start":{"line":25,"column":8},"end":{"line":26,"column":38}},"type":"binary-expr","locations":[{"start":{"line":25,"column":8},"end":{"line":25,"column":49}},{"start":{"line":26,"column":8},"end":{"line":26,"column":38}}],"line":25}},"s":{"0":0,"1":0,"2":0,"3":0,"4":0,"5":0,"6":1,"7":1,"8":0,"9":0,"10":0,"11":0,"12":0,"13":0,"14":0},"f":{"0":0,"1":0,"2":0,"3":1,"4":0,"5":0},"b":{"0":[0,0],"1":[0,1],"2":[0,0]},"_coverageSchema":"1a1c01bbd47fc00a2c39e90264f33305004495a9","hash":"0b0347b815a40fd536dcc3850f5bd49a184a018a"}
,"C:\\Users\\PIESIE OMANE\\Desktop\\codding\\Todo-List\\src\\task.js": {"path":"C:\\Users\\PIESIE OMANE\\Desktop\\codding\\Todo-List\\src\\task.js","statementMap":{"0":{"start":{"line":4,"column":4},"end":{"line":4,"column":23}},"1":{"start":{"line":5,"column":4},"end":{"line":5,"column":35}},"2":{"start":{"line":6,"column":4},"end":{"line":6,"column":27}}},"fnMap":{"0":{"name":"(anonymous_0)","decl":{"start":{"line":3,"column":2},"end":{"line":3,"column":3}},"loc":{"start":{"line":3,"column":34},"end":{"line":7,"column":3}},"line":3}},"branchMap":{},"s":{"0":2,"1":2,"2":2},"f":{"0":2},"b":{},"_coverageSchema":"1a1c01bbd47fc00a2c39e90264f33305004495a9","hash":"d0ff86cb0082247e5ef4eb35fb3b7e9054df669d"}
,"C:\\Users\\PIESIE OMANE\\Desktop\\codding\\Todo-List\\src\\todos.js": {"path":"C:\\Users\\PIESIE OMANE\\Desktop\\codding\\Todo-List\\src\\todos.js","statementMap":{"0":{"start":{"line":6,"column":21},"end":{"line":6,"column":53}},"1":{"start":{"line":7,"column":19},"end":{"line":7,"column":47}},"2":{"start":{"line":8,"column":4},"end":{"line":8,"column":30}},"3":{"start":{"line":10,"column":22},"end":{"line":10,"column":53}},"4":{"start":{"line":11,"column":4},"end":{"line":11,"column":47}},"5":{"start":{"line":12,"column":4},"end":{"line":12,"column":34}},"6":{"start":{"line":14,"column":24},"end":{"line":14,"column":51}},"7":{"start":{"line":15,"column":4},"end":{"line":15,"column":45}},"8":{"start":{"line":16,"column":4},"end":{"line":20,"column":5}},"9":{"start":{"line":17,"column":6},"end":{"line":17,"column":51}},"10":{"start":{"line":18,"column":6},"end":{"line":18,"column":56}},"11":{"start":{"line":19,"column":6},"end":{"line":19,"column":39}},"12":{"start":{"line":22,"column":17},"end":{"line":22,"column":44}},"13":{"start":{"line":23,"column":4},"end":{"line":23,"column":58}},"14":{"start":{"line":25,"column":4},"end":{"line":25,"column":48}},"15":{"start":{"line":26,"column":4},"end":{"line":26,"column":28}},"16":{"start":{"line":31,"column":18},"end":{"line":31,"column":34}},"17":{"start":{"line":32,"column":4},"end":{"line":41,"column":5}},"18":{"start":{"line":33,"column":6},"end":{"line":33,"column":46}},"19":{"start":{"line":33,"column":27},"end":{"line":33,"column":44}},"20":{"start":{"line":34,"column":6},"end":{"line":34,"column":54}},"21":{"start":{"line":35,"column":6},"end":{"line":37,"column":9}},"22":{"start":{"line":36,"column":8},"end":{"line":36,"column":23}},"23":{"start":{"line":39,"column":23},"end":{"line":39,"column":55}},"24":{"start":{"line":40,"column":6},"end":{"line":40,"column":38}},"25":{"start":{"line":43,"column":4},"end":{"line":43,"column":21}},"26":{"start":{"line":44,"column":4},"end":{"line":44,"column":21}},"27":{"start":{"line":45,"column":4},"end":{"line":45,"column":20}},"28":{"start":{"line":50,"column":18},"end":{"line":50,"column":52}},"29":{"start":{"line":51,"column":4},"end":{"line":87,"column":6}},"30":{"start":{"line":52,"column":6},"end":{"line":86,"column":8}},"31":{"start":{"line":53,"column":8},"end":{"line":85,"column":9}},"32":{"start":{"line":54,"column":22},"end":{"line":54,"column":42}},"33":{"start":{"line":55,"column":22},"end":{"line":55,"column":38}},"34":{"start":{"line":57,"column":10},"end":{"line":82,"column":11}},"35":{"start":{"line":58,"column":12},"end":{"line":58,"column":54}},"36":{"start":{"line":59,"column":12},"end":{"line":59,"column":37}},"37":{"start":{"line":60,"column":28},"end":{"line":62,"column":13}},"38":{"start":{"line":61,"column":24},"end":{"line":61,"column":58}},"39":{"start":{"line":63,"column":12},"end":{"line":63,"column":40}},"40":{"start":{"line":64,"column":25},"end":{"line":66,"column":13}},"41":{"start":{"line":65,"column":24},"end":{"line":65,"column":58}},"42":{"start":{"line":67,"column":12},"end":{"line":67,"column":42}},"43":{"start":{"line":68,"column":12},"end":{"line":68,"column":52}},"44":{"start":{"line":68,"column":33},"end":{"line":68,"column":50}},"45":{"start":{"line":71,"column":12},"end":{"line":71,"column":46}},"46":{"start":{"line":72,"column":12},"end":{"line":72,"column":40}},"47":{"start":{"line":73,"column":28},"end":{"line":75,"column":13}},"48":{"start":{"line":74,"column":24},"end":{"line":74,"column":58}},"49":{"start":{"line":76,"column":12},"end":{"line":76,"column":41}},"50":{"start":{"line":77,"column":25},"end":{"line":79,"column":13}},"51":{"start":{"line":78,"column":24},"end":{"line":78,"column":58}},"52":{"start":{"line":80,"column":12},"end":{"line":80,"column":42}},"53":{"start":{"line":81,"column":12},"end":{"line":81,"column":52}},"54":{"start":{"line":81,"column":33},"end":{"line":81,"column":50}},"55":{"start":{"line":84,"column":10},"end":{"line":84,"column":32}},"56":{"start":{"line":92,"column":18},"end":{"line":92,"column":52}},"57":{"start":{"line":93,"column":4},"end":{"line":125,"column":7}},"58":{"start":{"line":95,"column":6},"end":{"line":124,"column":9}},"59":{"start":{"line":96,"column":8},"end":{"line":123,"column":9}},"60":{"start":{"line":97,"column":25},"end":{"line":97,"column":50}},"61":{"start":{"line":100,"column":10},"end":{"line":120,"column":11}},"62":{"start":{"line":102,"column":12},"end":{"line":108,"column":15}},"63":{"start":{"line":103,"column":14},"end":{"line":103,"column":44}},"64":{"start":{"line":104,"column":14},"end":{"line":104,"column":40}},"65":{"start":{"line":105,"column":27},"end":{"line":105,"column":54}},"66":{"start":{"line":106,"column":14},"end":{"line":106,"column":68}},"67":{"start":{"line":107,"column":14},"end":{"line":107,"column":32}},"68":{"start":{"line":111,"column":12},"end":{"line":111,"column":44}},"69":{"start":{"line":112,"column":12},"end":{"line":112,"column":40}},"70":{"start":{"line":113,"column":24},"end":{"line":113,"column":51}},"71":{"start":{"line":114,"column":12},"end":{"line":114,"column":52}},"72":{"start":{"line":115,"column":12},"end":{"line":115,"column":31}},"73":{"start":{"line":116,"column":12},"end":{"line":119,"column":15}},"74":{"start":{"line":117,"column":27},"end":{"line":117,"column":35}},"75":{"start":{"line":118,"column":14},"end":{"line":118,"column":37}},"76":{"start":{"line":122,"column":10},"end":{"line":122,"column":29}},"77":{"start":{"line":126,"column":4},"end":{"line":126,"column":21}},"78":{"start":{"line":130,"column":18},"end":{"line":130,"column":52}},"79":{"start":{"line":133,"column":4},"end":{"line":141,"column":6}},"80":{"start":{"line":136,"column":8},"end":{"line":136,"column":32}},"81":{"start":{"line":143,"column":4},"end":{"line":171,"column":6}},"82":{"start":{"line":146,"column":8},"end":{"line":166,"column":11}},"83":{"start":{"line":147,"column":10},"end":{"line":147,"column":40}},"84":{"start":{"line":148,"column":10},"end":{"line":148,"column":36}},"85":{"start":{"line":149,"column":23},"end":{"line":149,"column":50}},"86":{"start":{"line":150,"column":10},"end":{"line":150,"column":64}},"87":{"start":{"line":151,"column":10},"end":{"line":151,"column":28}},"88":{"start":{"line":153,"column":24},"end":{"line":153,"column":58}},"89":{"start":{"line":154,"column":10},"end":{"line":165,"column":13}},"90":{"start":{"line":156,"column":14},"end":{"line":157,"column":40}},"91":{"start":{"line":158,"column":22},"end":{"line":158,"column":49}},"92":{"start":{"line":159,"column":12},"end":{"line":159,"column":31}},"93":{"start":{"line":160,"column":12},"end":{"line":160,"column":51}},"94":{"start":{"line":161,"column":12},"end":{"line":164,"column":13}},"95":{"start":{"line":162,"column":14},"end":{"line":162,"column":54}},"96":{"start":{"line":163,"column":14},"end":{"line":163,"column":37}},"97":{"start":{"line":176,"column":18},"end":{"line":176,"column":52}},"98":{"start":{"line":177,"column":4},"end":{"line":223,"column":7}},"99":{"start":{"line":178,"column":6},"end":{"line":222,"column":9}},"100":{"start":{"line":179,"column":8},"end":{"line":221,"column":9}},"101":{"start":{"line":181,"column":10},"end":{"line":188,"column":13}},"102":{"start":{"line":183,"column":14},"end":{"line":184,"column":40}},"103":{"start":{"line":185,"column":22},"end":{"line":185,"column":49}},"104":{"start":{"line":186,"column":12},"end":{"line":186,"column":31}},"105":{"start":{"line":187,"column":12},"end":{"line":187,"column":51}},"106":{"start":{"line":191,"column":23},"end":{"line":191,"column":48}},"107":{"start":{"line":192,"column":26},"end":{"line":192,"column":52}},"108":{"start":{"line":193,"column":23},"end":{"line":193,"column":53}},"109":{"start":{"line":194,"column":24},"end":{"line":194,"column":58}},"110":{"start":{"line":195,"column":10},"end":{"line":195,"column":29}},"111":{"start":{"line":196,"column":10},"end":{"line":196,"column":52}},"112":{"start":{"line":197,"column":10},"end":{"line":197,"column":46}},"113":{"start":{"line":200,"column":10},"end":{"line":220,"column":13}},"114":{"start":{"line":201,"column":12},"end":{"line":219,"column":13}},"115":{"start":{"line":203,"column":14},"end":{"line":203,"column":33}},"116":{"start":{"line":204,"column":33},"end":{"line":204,"column":60}},"117":{"start":{"line":205,"column":14},"end":{"line":205,"column":49}},"118":{"start":{"line":206,"column":14},"end":{"line":206,"column":62}},"119":{"start":{"line":209,"column":33},"end":{"line":209,"column":49}},"120":{"start":{"line":210,"column":29},"end":{"line":212,"column":15}},"121":{"start":{"line":211,"column":26},"end":{"line":211,"column":54}},"122":{"start":{"line":213,"column":14},"end":{"line":213,"column":59}},"123":{"start":{"line":214,"column":14},"end":{"line":214,"column":41}},"124":{"start":{"line":215,"column":14},"end":{"line":218,"column":15}},"125":{"start":{"line":216,"column":16},"end":{"line":216,"column":65}},"126":{"start":{"line":217,"column":16},"end":{"line":217,"column":48}}},"fnMap":{"0":{"name":"(anonymous_0)","decl":{"start":{"line":5,"column":2},"end":{"line":5,"column":3}},"loc":{"start":{"line":5,"column":19},"end":{"line":27,"column":3}},"line":5},"1":{"name":"(anonymous_1)","decl":{"start":{"line":30,"column":2},"end":{"line":30,"column":3}},"loc":{"start":{"line":30,"column":16},"end":{"line":46,"column":3}},"line":30},"2":{"name":"(anonymous_2)","decl":{"start":{"line":33,"column":17},"end":{"line":33,"column":18}},"loc":{"start":{"line":33,"column":27},"end":{"line":33,"column":44}},"line":33},"3":{"name":"(anonymous_3)","decl":{"start":{"line":35,"column":20},"end":{"line":35,"column":21}},"loc":{"start":{"line":35,"column":30},"end":{"line":37,"column":7}},"line":35},"4":{"name":"(anonymous_4)","decl":{"start":{"line":49,"column":2},"end":{"line":49,"column":3}},"loc":{"start":{"line":49,"column":21},"end":{"line":88,"column":3}},"line":49},"5":{"name":"(anonymous_5)","decl":{"start":{"line":51,"column":18},"end":{"line":51,"column":19}},"loc":{"start":{"line":52,"column":6},"end":{"line":86,"column":8}},"line":52},"6":{"name":"(anonymous_6)","decl":{"start":{"line":52,"column":37},"end":{"line":52,"column":38}},"loc":{"start":{"line":52,"column":44},"end":{"line":86,"column":7}},"line":52},"7":{"name":"(anonymous_7)","decl":{"start":{"line":61,"column":14},"end":{"line":61,"column":15}},"loc":{"start":{"line":61,"column":24},"end":{"line":61,"column":58}},"line":61},"8":{"name":"(anonymous_8)","decl":{"start":{"line":65,"column":14},"end":{"line":65,"column":15}},"loc":{"start":{"line":65,"column":24},"end":{"line":65,"column":58}},"line":65},"9":{"name":"(anonymous_9)","decl":{"start":{"line":68,"column":23},"end":{"line":68,"column":24}},"loc":{"start":{"line":68,"column":33},"end":{"line":68,"column":50}},"line":68},"10":{"name":"(anonymous_10)","decl":{"start":{"line":74,"column":14},"end":{"line":74,"column":15}},"loc":{"start":{"line":74,"column":24},"end":{"line":74,"column":58}},"line":74},"11":{"name":"(anonymous_11)","decl":{"start":{"line":78,"column":14},"end":{"line":78,"column":15}},"loc":{"start":{"line":78,"column":24},"end":{"line":78,"column":58}},"line":78},"12":{"name":"(anonymous_12)","decl":{"start":{"line":81,"column":23},"end":{"line":81,"column":24}},"loc":{"start":{"line":81,"column":33},"end":{"line":81,"column":50}},"line":81},"13":{"name":"(anonymous_13)","decl":{"start":{"line":91,"column":2},"end":{"line":91,"column":3}},"loc":{"start":{"line":91,"column":21},"end":{"line":127,"column":3}},"line":91},"14":{"name":"(anonymous_14)","decl":{"start":{"line":93,"column":18},"end":{"line":93,"column":19}},"loc":{"start":{"line":93,"column":28},"end":{"line":125,"column":5}},"line":93},"15":{"name":"(anonymous_15)","decl":{"start":{"line":95,"column":37},"end":{"line":95,"column":38}},"loc":{"start":{"line":95,"column":44},"end":{"line":124,"column":7}},"line":95},"16":{"name":"(anonymous_16)","decl":{"start":{"line":102,"column":26},"end":{"line":102,"column":27}},"loc":{"start":{"line":102,"column":36},"end":{"line":108,"column":13}},"line":102},"17":{"name":"(anonymous_17)","decl":{"start":{"line":116,"column":42},"end":{"line":116,"column":43}},"loc":{"start":{"line":116,"column":49},"end":{"line":119,"column":13}},"line":116},"18":{"name":"(anonymous_18)","decl":{"start":{"line":129,"column":2},"end":{"line":129,"column":3}},"loc":{"start":{"line":129,"column":23},"end":{"line":172,"column":3}},"line":129},"19":{"name":"(anonymous_19)","decl":{"start":{"line":135,"column":6},"end":{"line":135,"column":7}},"loc":{"start":{"line":135,"column":17},"end":{"line":137,"column":7}},"line":135},"20":{"name":"(anonymous_20)","decl":{"start":{"line":145,"column":6},"end":{"line":145,"column":7}},"loc":{"start":{"line":145,"column":12},"end":{"line":167,"column":7}},"line":145},"21":{"name":"(anonymous_21)","decl":{"start":{"line":146,"column":22},"end":{"line":146,"column":23}},"loc":{"start":{"line":146,"column":32},"end":{"line":166,"column":9}},"line":146},"22":{"name":"(anonymous_22)","decl":{"start":{"line":154,"column":24},"end":{"line":154,"column":25}},"loc":{"start":{"line":154,"column":34},"end":{"line":165,"column":11}},"line":154},"23":{"name":"(anonymous_23)","decl":{"start":{"line":175,"column":2},"end":{"line":175,"column":3}},"loc":{"start":{"line":175,"column":20},"end":{"line":224,"column":3}},"line":175},"24":{"name":"(anonymous_24)","decl":{"start":{"line":177,"column":18},"end":{"line":177,"column":19}},"loc":{"start":{"line":177,"column":28},"end":{"line":223,"column":5}},"line":177},"25":{"name":"(anonymous_25)","decl":{"start":{"line":178,"column":40},"end":{"line":178,"column":41}},"loc":{"start":{"line":178,"column":47},"end":{"line":222,"column":7}},"line":178},"26":{"name":"(anonymous_26)","decl":{"start":{"line":181,"column":24},"end":{"line":181,"column":25}},"loc":{"start":{"line":181,"column":34},"end":{"line":188,"column":11}},"line":181},"27":{"name":"(anonymous_27)","decl":{"start":{"line":200,"column":45},"end":{"line":200,"column":46}},"loc":{"start":{"line":200,"column":52},"end":{"line":220,"column":11}},"line":200},"28":{"name":"(anonymous_28)","decl":{"start":{"line":211,"column":16},"end":{"line":211,"column":17}},"loc":{"start":{"line":211,"column":26},"end":{"line":211,"column":54}},"line":211}},"branchMap":{"0":{"loc":{"start":{"line":16,"column":4},"end":{"line":20,"column":5}},"type":"if","locations":[{"start":{"line":16,"column":4},"end":{"line":20,"column":5}},{"start":{},"end":{}}],"line":16},"1":{"loc":{"start":{"line":32,"column":4},"end":{"line":41,"column":5}},"type":"if","locations":[{"start":{"line":32,"column":4},"end":{"line":41,"column":5}},{"start":{"line":38,"column":11},"end":{"line":41,"column":5}}],"line":32},"2":{"loc":{"start":{"line":53,"column":8},"end":{"line":85,"column":9}},"type":"if","locations":[{"start":{"line":53,"column":8},"end":{"line":85,"column":9}},{"start":{},"end":{}}],"line":53},"3":{"loc":{"start":{"line":57,"column":10},"end":{"line":82,"column":11}},"type":"if","locations":[{"start":{"line":57,"column":10},"end":{"line":82,"column":11}},{"start":{"line":69,"column":17},"end":{"line":82,"column":11}}],"line":57},"4":{"loc":{"start":{"line":96,"column":8},"end":{"line":123,"column":9}},"type":"if","locations":[{"start":{"line":96,"column":8},"end":{"line":123,"column":9}},{"start":{},"end":{}}],"line":96},"5":{"loc":{"start":{"line":100,"column":10},"end":{"line":120,"column":11}},"type":"if","locations":[{"start":{"line":100,"column":10},"end":{"line":120,"column":11}},{"start":{},"end":{}}],"line":100},"6":{"loc":{"start":{"line":156,"column":14},"end":{"line":157,"column":40}},"type":"binary-expr","locations":[{"start":{"line":156,"column":14},"end":{"line":156,"column":51}},{"start":{"line":157,"column":14},"end":{"line":157,"column":40}}],"line":156},"7":{"loc":{"start":{"line":161,"column":12},"end":{"line":164,"column":13}},"type":"if","locations":[{"start":{"line":161,"column":12},"end":{"line":164,"column":13}},{"start":{},"end":{}}],"line":161},"8":{"loc":{"start":{"line":179,"column":8},"end":{"line":221,"column":9}},"type":"if","locations":[{"start":{"line":179,"column":8},"end":{"line":221,"column":9}},{"start":{},"end":{}}],"line":179},"9":{"loc":{"start":{"line":183,"column":14},"end":{"line":184,"column":40}},"type":"binary-expr","locations":[{"start":{"line":183,"column":14},"end":{"line":183,"column":51}},{"start":{"line":184,"column":14},"end":{"line":184,"column":40}}],"line":183},"10":{"loc":{"start":{"line":201,"column":12},"end":{"line":219,"column":13}},"type":"if","locations":[{"start":{"line":201,"column":12},"end":{"line":219,"column":13}},{"start":{},"end":{}}],"line":201},"11":{"loc":{"start":{"line":201,"column":16},"end":{"line":201,"column":48}},"type":"binary-expr","locations":[{"start":{"line":201,"column":16},"end":{"line":201,"column":33}},{"start":{"line":201,"column":37},"end":{"line":201,"column":48}}],"line":201},"12":{"loc":{"start":{"line":215,"column":14},"end":{"line":218,"column":15}},"type":"if","locations":[{"start":{"line":215,"column":14},"end":{"line":218,"column":15}},{"start":{},"end":{}}],"line":215}},"s":{"0":2,"1":2,"2":2,"3":2,"4":2,"5":2,"6":2,"7":2,"8":2,"9":0,"10":0,"11":0,"12":2,"13":2,"14":2,"15":2,"16":0,"17":0,"18":0,"19":0,"20":0,"21":0,"22":0,"23":0,"24":0,"25":0,"26":0,"27":0,"28":0,"29":0,"30":0,"31":0,"32":0,"33":0,"34":0,"35":0,"36":0,"37":0,"38":0,"39":0,"40":0,"41":0,"42":0,"43":0,"44":0,"45":0,"46":0,"47":0,"48":0,"49":0,"50":0,"51":0,"52":0,"53":0,"54":0,"55":0,"56":0,"57":0,"58":0,"59":0,"60":0,"61":0,"62":0,"63":0,"64":0,"65":0,"66":0,"67":0,"68":0,"69":0,"70":0,"71":0,"72":0,"73":0,"74":0,"75":0,"76":0,"77":0,"78":0,"79":0,"80":0,"81":0,"82":0,"83":0,"84":0,"85":0,"86":0,"87":0,"88":0,"89":0,"90":0,"91":0,"92":0,"93":0,"94":0,"95":0,"96":0,"97":0,"98":0,"99":0,"100":0,"101":0,"102":0,"103":0,"104":0,"105":0,"106":0,"107":0,"108":0,"109":0,"110":0,"111":0,"112":0,"113":0,"114":0,"115":0,"116":0,"117":0,"118":0,"119":0,"120":0,"121":0,"122":0,"123":0,"124":0,"125":0,"126":0},"f":{"0":2,"1":0,"2":0,"3":0,"4":0,"5":0,"6":0,"7":0,"8":0,"9":0,"10":0,"11":0,"12":0,"13":0,"14":0,"15":0,"16":0,"17":0,"18":0,"19":0,"20":0,"21":0,"22":0,"23":0,"24":0,"25":0,"26":0,"27":0,"28":0},"b":{"0":[0,2],"1":[0,0],"2":[0,0],"3":[0,0],"4":[0,0],"5":[0,0],"6":[0,0],"7":[0,0],"8":[0,0],"9":[0,0],"10":[0,0],"11":[0,0],"12":[0,0]},"_coverageSchema":"1a1c01bbd47fc00a2c39e90264f33305004495a9","hash":"a3f0c6ff40b9808925ca8b235280288dee242df7"}
}
